<?xml version="1.0" encoding="UTF-8"?>
<!-- Generated by org.testng.reporters.JUnitReportReporter -->
<testsuite hostname="GLaDOS" failures="0" tests="4" name="online_tusur.unit_online_tusur.TestFactory" time="0.002" errors="0" timestamp="2020-01-26T21:25:00 YEKT" skipped="0">
  <testcase classname="online_tusur.unit_online_tusur.TestFactory" name="testPow" time="0.000"/>
  <testcase classname="online_tusur.unit_online_tusur.TestFactory" name="testPow" time="0.001"/>
  <testcase classname="online_tusur.unit_online_tusur.TestFactory" name="testPow" time="0.000"/>
  <testcase classname="online_tusur.unit_online_tusur.TestFactory" name="testPow" time="0.001"/>
</testsuite> <!-- online_tusur.unit_online_tusur.TestFactory -->
